<?xml version="1.0" encoding="UTF-8"?>
<testng-results skipped="0" failed="0" ignored="0" total="0" passed="0">
  <reporter-output>
  </reporter-output>
  <suite name="Suite" duration-ms="11" started-at="2020-10-27T10:26:07Z" finished-at="2020-10-27T10:26:07Z">
    <groups>
    </groups>
    <test name="Validate User login" duration-ms="11" started-at="2020-10-27T10:26:07Z" finished-at="2020-10-27T10:26:07Z">
    </test> <!-- Validate User login -->
  </suite> <!-- Suite -->
</testng-results>
